<<<<<<< HEAD
﻿Build started 27/3/2015 0:34:38 AM.
     1>Project "D:\NUS Year 2\Year 2 Sem 2\CS2103\Planner project\Planner(main function)\GUI-API\GUI-API\GUI-API.vcxproj" on node 2 (Build target(s)).
     1>ClCompile:
         C:\Program Files\Microsoft Visual Studio 8\VC\bin\CL.exe /c /I"D:\NUS Year 2\Year 2 Sem 2\CS2103\Planner project\Planner(main function)\GUI-API\Storage" /I..\Storage /I..\Planner /I..\Task /I..\LogSystem /ZI /nologo /W3 /WX- /sdl /Od /Oy- /D _MBCS /Gm /EHsc /RTC1 /MDd /GS /fp:precise /Zc:wchar_t /Zc:forScope /Fo"Debug\\" /Fd"Debug\vc120.pdb" /FR"Debug\\" /Gd /TP /analyze- /errorReport:prompt GUI.cpp
         GUI.cpp
     1>d:\nus year 2\year 2 sem 2\cs2103\planner project\planner(main function)\gui-api\gui-api\gui.cpp(73): warning C4290: C++ exception specification ignored except to indicate a function is not __declspec(nothrow)
     1>d:\nus year 2\year 2 sem 2\cs2103\planner project\planner(main function)\gui-api\gui-api\gui.cpp(166): warning C4290: C++ exception specification ignored except to indicate a function is not __declspec(nothrow)
     1>d:\nus year 2\year 2 sem 2\cs2103\planner project\planner(main function)\gui-api\gui-api\gui.cpp(172): warning C4101: 'error' : unreferenced local variable
     1>d:\nus year 2\year 2 sem 2\cs2103\planner project\planner(main function)\gui-api\gui-api\gui.cpp(179): warning C4290: C++ exception specification ignored except to indicate a function is not __declspec(nothrow)
     1>d:\nus year 2\year 2 sem 2\cs2103\planner project\planner(main function)\gui-api\gui-api\gui.cpp(189): warning C4101: 'error' : unreferenced local variable
     1>d:\nus year 2\year 2 sem 2\cs2103\planner project\planner(main function)\gui-api\gui-api\gui.cpp(198): warning C4101: 'error' : unreferenced local variable
       Lib:
         C:\Program Files\Microsoft Visual Studio 8\VC\bin\Lib.exe /OUT:"D:\NUS Year 2\Year 2 Sem 2\CS2103\Planner project\Planner(main function)\GUI-API\Debug\GUI-API.lib" /NOLOGO Debug\GUI.obj
         "D:\NUS Year 2\Year 2 Sem 2\CS2103\Planner project\Planner(main function)\GUI-API\Debug\LogSystem.lib"
         "D:\NUS Year 2\Year 2 Sem 2\CS2103\Planner project\Planner(main function)\GUI-API\Debug\Task.lib"
         "D:\NUS Year 2\Year 2 Sem 2\CS2103\Planner project\Planner(main function)\GUI-API\Debug\Planner.lib"
         GUI-API.vcxproj -> D:\NUS Year 2\Year 2 Sem 2\CS2103\Planner project\Planner(main function)\GUI-API\Debug\GUI-API.lib
       BscMake:
         C:\Program Files\Microsoft Visual Studio 8\VC\bin\bscmake.exe /nologo /o"D:\NUS Year 2\Year 2 Sem 2\CS2103\Planner project\Planner(main function)\GUI-API\Debug\GUI-API.bsc" /n Debug\GUI.sbr
     1>Done Building Project "D:\NUS Year 2\Year 2 Sem 2\CS2103\Planner project\Planner(main function)\GUI-API\GUI-API\GUI-API.vcxproj" (Build target(s)).

Build succeeded.

Time Elapsed 00:00:02.17
=======
﻿Build started 27/3/2015 12:06:44 AM.
     1>Project "C:\Users\User\Desktop\CS2103 Project\GUI-API\GUI-API\GUI-API.vcxproj" on node 3 (Rebuild target(s)).
     1>ClCompile:
         C:\Program Files (x86)\Microsoft Visual Studio 12.0\VC\bin\CL.exe /c /I"D:\NUS Year 2\Year 2 Sem 2\CS2103\Planner project\Planner(main function)\GUI-API\Storage" /I..\Storage /I..\Planner /I..\Task /I..\LogSystem /ZI /nologo /W3 /WX- /sdl /Od /Oy- /D _MBCS /Gm /EHsc /RTC1 /MDd /GS /fp:precise /Zc:wchar_t /Zc:forScope /Fo"Debug\\" /Fd"Debug\vc120.pdb" /FR"Debug\\" /Gd /TP /analyze- /errorReport:prompt GUI.cpp
         GUI.cpp
     1>c:\users\user\desktop\cs2103 project\gui-api\gui-api\gui.cpp(73): warning C4290: C++ exception specification ignored except to indicate a function is not __declspec(nothrow)
     1>c:\users\user\desktop\cs2103 project\gui-api\gui-api\gui.cpp(159): warning C4290: C++ exception specification ignored except to indicate a function is not __declspec(nothrow)
     1>c:\users\user\desktop\cs2103 project\gui-api\gui-api\gui.cpp(165): warning C4101: 'error' : unreferenced local variable
     1>c:\users\user\desktop\cs2103 project\gui-api\gui-api\gui.cpp(172): warning C4290: C++ exception specification ignored except to indicate a function is not __declspec(nothrow)
     1>c:\users\user\desktop\cs2103 project\gui-api\gui-api\gui.cpp(182): warning C4101: 'error' : unreferenced local variable
     1>c:\users\user\desktop\cs2103 project\gui-api\gui-api\gui.cpp(191): warning C4101: 'error' : unreferenced local variable
       Lib:
         C:\Program Files (x86)\Microsoft Visual Studio 12.0\VC\bin\Lib.exe /OUT:"C:\Users\User\Desktop\CS2103 Project\GUI-API\Debug\GUI-API.lib" /NOLOGO Debug\GUI.obj
         "C:\Users\User\Desktop\CS2103 Project\GUI-API\Debug\LogSystem.lib"
         "C:\Users\User\Desktop\CS2103 Project\GUI-API\Debug\Task.lib"
         "C:\Users\User\Desktop\CS2103 Project\GUI-API\Debug\Planner.lib"
         GUI-API.vcxproj -> C:\Users\User\Desktop\CS2103 Project\GUI-API\Debug\GUI-API.lib
       BscMake:
         C:\Program Files (x86)\Microsoft Visual Studio 12.0\VC\bin\bscmake.exe /nologo /o"C:\Users\User\Desktop\CS2103 Project\GUI-API\Debug\GUI-API.bsc" /n Debug\GUI.sbr
     1>Done Building Project "C:\Users\User\Desktop\CS2103 Project\GUI-API\GUI-API\GUI-API.vcxproj" (Rebuild target(s)).

Build succeeded.

Time Elapsed 00:00:01.55
>>>>>>> 9ad8ed9aa1bf315ab5c51d9c1f71f0ba0a08864f
